<?xml version="1.0" encoding="UTF-8"?>
<beans xmlns="http://www.springframework.org/schema/beans"
	xmlns:xsi="http://www.w3.org/2001/XMLSchema-instance"
	xsi:schemaLocation="http://www.springframework.org/schema/beans 
						http://www.springframework.org/schema/beans/spring-beans-3.0.xsd">
						
	<!-- DB 세팅 -->
	<bean id="dataSource" class="org.springframework.jdbc.datasource.SimpleDriverDataSource">
		<property name="driverClass" value="com.mysql.jdbc.Driver" />
		<property name="url" value="jdbc:mysql://localhost/toby?characterEncoding=UTF-8" />
		<property name="username" value="root" />
		<property name="password" value="1234" />
	</bean>
	
	<!-- 빈 등록 -->
	<bean id="userService" class="springbook.user.service.UserService">
		<property name="userDao" ref="userDao"/>
		<property name="userLevelPolicy" ref="userLevelService"/>
	</bean>
	<bean id="userDao" class="springbook.user.dao.UserDaoJdbc">
		<property name="dataSource" ref="dataSource" />
	</bean> 
	<bean id="userLevelService" class="springbook.user.service.UserLevelUpgradeService">
		<property name="userDao" ref="userDao"/>
	</bean>
	
</beans>
